[2022-09-29 11:26:19] default.ERROR: 127.0.0.1 GET 0.0.0.0:8787/single-query
PDOException: SQLSTATE[HY000] [2002] Connection refused in /var/www/skarner2016/php-test/webman/vendor/illuminate/database/Connectors/Connector.php:70
Stack trace:
#0 /var/www/skarner2016/php-test/webman/vendor/illuminate/database/Connectors/Connector.php(70): PDO->__construct('mysql:host=php-...', 'root', '123456', Array)
#1 /var/www/skarner2016/php-test/webman/vendor/illuminate/database/Connectors/Connector.php(100): Illuminate\Database\Connectors\Connector->createPdoConnection('mysql:host=php-...', 'root', '123456', Array)
#2 /var/www/skarner2016/php-test/webman/vendor/illuminate/database/Connectors/Connector.php(50): Illuminate\Database\Connectors\Connector->tryAgainIfCausedByLostConnection(Object(PDOException), 'mysql:host=php-...', 'root', '123456', Array)
#3 /var/www/skarner2016/php-test/webman/vendor/illuminate/database/Connectors/MySqlConnector.php(24): Illuminate\Database\Connectors\Connector->createConnection('mysql:host=php-...', Array, Array)
#4 /var/www/skarner2016/php-test/webman/vendor/illuminate/database/Connectors/ConnectionFactory.php(184): Illuminate\Database\Connectors\MySqlConnector->connect(Array)
#5 [internal function]: Illuminate\Database\Connectors\ConnectionFactory->Illuminate\Database\Connectors\{closure}()
#6 /var/www/skarner2016/php-test/webman/vendor/illuminate/database/Connection.php(1169): call_user_func(Object(Closure))
#7 /var/www/skarner2016/php-test/webman/vendor/illuminate/database/Connection.php(1205): Illuminate\Database\Connection->getPdo()
#8 /var/www/skarner2016/php-test/webman/vendor/illuminate/database/Connection.php(485): Illuminate\Database\Connection->getReadPdo()
#9 /var/www/skarner2016/php-test/webman/vendor/illuminate/database/Connection.php(413): Illuminate\Database\Connection->getPdoForSelect(true)
#10 /var/www/skarner2016/php-test/webman/vendor/illuminate/database/Connection.php(752): Illuminate\Database\Connection->Illuminate\Database\{closure}('select * from `...', Array)
#11 /var/www/skarner2016/php-test/webman/vendor/illuminate/database/Connection.php(898): Illuminate\Database\Connection->runQueryCallback('select * from `...', Array, Object(Closure))
#12 /var/www/skarner2016/php-test/webman/vendor/illuminate/database/Connection.php(878): Illuminate\Database\Connection->tryAgainIfCausedByLostConnection(Object(Illuminate\Database\QueryException), 'select * from `...', Array, Object(Closure))
#13 /var/www/skarner2016/php-test/webman/vendor/illuminate/database/Connection.php(722): Illuminate\Database\Connection->handleQueryException(Object(Illuminate\Database\QueryException), 'select * from `...', Array, Object(Closure))
#14 /var/www/skarner2016/php-test/webman/vendor/illuminate/database/Connection.php(421): Illuminate\Database\Connection->run('select * from `...', Array, Object(Closure))
#15 /var/www/skarner2016/php-test/webman/vendor/illuminate/database/Query/Builder.php(2636): Illuminate\Database\Connection->select('select * from `...', Array, true)
#16 /var/www/skarner2016/php-test/webman/vendor/illuminate/database/Query/Builder.php(2624): Illuminate\Database\Query\Builder->runSelect()
#17 /var/www/skarner2016/php-test/webman/vendor/illuminate/database/Query/Builder.php(3160): Illuminate\Database\Query\Builder->Illuminate\Database\Query\{closure}()
#18 /var/www/skarner2016/php-test/webman/vendor/illuminate/database/Query/Builder.php(2625): Illuminate\Database\Query\Builder->onceWithColumns(Array, Object(Closure))
#19 /var/www/skarner2016/php-test/webman/vendor/illuminate/database/Eloquent/Builder.php(699): Illuminate\Database\Query\Builder->get(Array)
#20 /var/www/skarner2016/php-test/webman/vendor/illuminate/database/Eloquent/Builder.php(683): Illuminate\Database\Eloquent\Builder->getModels(Array)
#21 /var/www/skarner2016/php-test/webman/vendor/illuminate/database/Concerns/BuildsQueries.php(296): Illuminate\Database\Eloquent\Builder->get(Array)
#22 /var/www/skarner2016/php-test/webman/vendor/illuminate/database/Eloquent/Builder.php(431): Illuminate\Database\Eloquent\Builder->first(Array)
#23 /var/www/skarner2016/php-test/webman/app/controller/IndexController.php(22): Illuminate\Database\Eloquent\Builder->find(1)
#24 /var/www/skarner2016/php-test/webman/vendor/workerman/webman-framework/src/App.php(284): app\controller\IndexController->singleQuery(Object(support\Request))
#25 /var/www/skarner2016/php-test/webman/vendor/workerman/webman-framework/src/App.php(515): Webman\App::Webman\{closure}(Object(support\Request))
#26 /var/www/skarner2016/php-test/webman/vendor/workerman/webman-framework/src/App.php(128): Webman\App::findRoute(Object(Workerman\Connection\TcpConnection), '/single-query', 'GET/single-quer...', Object(support\Request))
#27 /var/www/skarner2016/php-test/webman/vendor/workerman/workerman/Connection/TcpConnection.php(638): Webman\App->onMessage(Object(Workerman\Connection\TcpConnection), Object(support\Request))
#28 /var/www/skarner2016/php-test/webman/vendor/workerman/workerman/Events/Select.php(311): Workerman\Connection\TcpConnection->baseRead(Resource id #212)
#29 /var/www/skarner2016/php-test/webman/vendor/workerman/workerman/Worker.php(2457): Workerman\Events\Select->loop()
#30 /var/www/skarner2016/php-test/webman/vendor/workerman/workerman/Worker.php(1568): Workerman\Worker->run()
#31 /var/www/skarner2016/php-test/webman/vendor/workerman/workerman/Worker.php(1410): Workerman\Worker::forkOneWorkerForLinux(Object(Workerman\Worker))
#32 /var/www/skarner2016/php-test/webman/vendor/workerman/workerman/Worker.php(1384): Workerman\Worker::forkWorkersForLinux()
#33 /var/www/skarner2016/php-test/webman/vendor/workerman/workerman/Worker.php(559): Workerman\Worker::forkWorkers()
#34 /var/www/skarner2016/php-test/webman/vendor/workerman/webman-framework/src/support/App.php(124): Workerman\Worker::runAll()
#35 /var/www/skarner2016/php-test/webman/start.php(4): support\App::run()
#36 {main}

Next Illuminate\Database\QueryException: SQLSTATE[HY000] [2002] Connection refused (SQL: select * from `users` where `users`.`id` = 1 limit 1) in /var/www/skarner2016/php-test/webman/vendor/illuminate/database/Connection.php:759
Stack trace:
#0 /var/www/skarner2016/php-test/webman/vendor/illuminate/database/Connection.php(898): Illuminate\Database\Connection->runQueryCallback('select * from `...', Array, Object(Closure))
#1 /var/www/skarner2016/php-test/webman/vendor/illuminate/database/Connection.php(878): Illuminate\Database\Connection->tryAgainIfCausedByLostConnection(Object(Illuminate\Database\QueryException), 'select * from `...', Array, Object(Closure))
#2 /var/www/skarner2016/php-test/webman/vendor/illuminate/database/Connection.php(722): Illuminate\Database\Connection->handleQueryException(Object(Illuminate\Database\QueryException), 'select * from `...', Array, Object(Closure))
#3 /var/www/skarner2016/php-test/webman/vendor/illuminate/database/Connection.php(421): Illuminate\Database\Connection->run('select * from `...', Array, Object(Closure))
#4 /var/www/skarner2016/php-test/webman/vendor/illuminate/database/Query/Builder.php(2636): Illuminate\Database\Connection->select('select * from `...', Array, true)
#5 /var/www/skarner2016/php-test/webman/vendor/illuminate/database/Query/Builder.php(2624): Illuminate\Database\Query\Builder->runSelect()
#6 /var/www/skarner2016/php-test/webman/vendor/illuminate/database/Query/Builder.php(3160): Illuminate\Database\Query\Builder->Illuminate\Database\Query\{closure}()
#7 /var/www/skarner2016/php-test/webman/vendor/illuminate/database/Query/Builder.php(2625): Illuminate\Database\Query\Builder->onceWithColumns(Array, Object(Closure))
#8 /var/www/skarner2016/php-test/webman/vendor/illuminate/database/Eloquent/Builder.php(699): Illuminate\Database\Query\Builder->get(Array)
#9 /var/www/skarner2016/php-test/webman/vendor/illuminate/database/Eloquent/Builder.php(683): Illuminate\Database\Eloquent\Builder->getModels(Array)
#10 /var/www/skarner2016/php-test/webman/vendor/illuminate/database/Concerns/BuildsQueries.php(296): Illuminate\Database\Eloquent\Builder->get(Array)
#11 /var/www/skarner2016/php-test/webman/vendor/illuminate/database/Eloquent/Builder.php(431): Illuminate\Database\Eloquent\Builder->first(Array)
#12 /var/www/skarner2016/php-test/webman/app/controller/IndexController.php(22): Illuminate\Database\Eloquent\Builder->find(1)
#13 /var/www/skarner2016/php-test/webman/vendor/workerman/webman-framework/src/App.php(284): app\controller\IndexController->singleQuery(Object(support\Request))
#14 /var/www/skarner2016/php-test/webman/vendor/workerman/webman-framework/src/App.php(515): Webman\App::Webman\{closure}(Object(support\Request))
#15 /var/www/skarner2016/php-test/webman/vendor/workerman/webman-framework/src/App.php(128): Webman\App::findRoute(Object(Workerman\Connection\TcpConnection), '/single-query', 'GET/single-quer...', Object(support\Request))
#16 /var/www/skarner2016/php-test/webman/vendor/workerman/workerman/Connection/TcpConnection.php(638): Webman\App->onMessage(Object(Workerman\Connection\TcpConnection), Object(support\Request))
#17 /var/www/skarner2016/php-test/webman/vendor/workerman/workerman/Events/Select.php(311): Workerman\Connection\TcpConnection->baseRead(Resource id #212)
#18 /var/www/skarner2016/php-test/webman/vendor/workerman/workerman/Worker.php(2457): Workerman\Events\Select->loop()
#19 /var/www/skarner2016/php-test/webman/vendor/workerman/workerman/Worker.php(1568): Workerman\Worker->run()
#20 /var/www/skarner2016/php-test/webman/vendor/workerman/workerman/Worker.php(1410): Workerman\Worker::forkOneWorkerForLinux(Object(Workerman\Worker))
#21 /var/www/skarner2016/php-test/webman/vendor/workerman/workerman/Worker.php(1384): Workerman\Worker::forkWorkersForLinux()
#22 /var/www/skarner2016/php-test/webman/vendor/workerman/workerman/Worker.php(559): Workerman\Worker::forkWorkers()
#23 /var/www/skarner2016/php-test/webman/vendor/workerman/webman-framework/src/support/App.php(124): Workerman\Worker::runAll()
#24 /var/www/skarner2016/php-test/webman/start.php(4): support\App::run()
#25 {main} [] []
