[2022-09-28 19:44:28] default.ERROR: 127.0.0.1 GET localhost:8787
Error: Call to undefined method support\Response::json() in /var/www/skarner2016/php-test/webman/app/controller/IndexController.php:11
Stack trace:
#0 /var/www/skarner2016/php-test/webman/vendor/workerman/webman-framework/src/App.php(284): app\controller\IndexController->index(Object(support\Request))
#1 /var/www/skarner2016/php-test/webman/vendor/workerman/webman-framework/src/App.php(515): Webman\App::Webman\{closure}(Object(support\Request))
#2 /var/www/skarner2016/php-test/webman/vendor/workerman/webman-framework/src/App.php(128): Webman\App::findRoute(Object(Workerman\Connection\TcpConnection), '/', 'GET/', Object(support\Request))
#3 /var/www/skarner2016/php-test/webman/vendor/workerman/workerman/Connection/TcpConnection.php(638): Webman\App->onMessage(Object(Workerman\Connection\TcpConnection), Object(support\Request))
#4 /var/www/skarner2016/php-test/webman/vendor/workerman/workerman/Events/Select.php(311): Workerman\Connection\TcpConnection->baseRead(Resource id #139)
#5 /var/www/skarner2016/php-test/webman/vendor/workerman/workerman/Worker.php(2457): Workerman\Events\Select->loop()
#6 /var/www/skarner2016/php-test/webman/vendor/workerman/workerman/Worker.php(1568): Workerman\Worker->run()
#7 /var/www/skarner2016/php-test/webman/vendor/workerman/workerman/Worker.php(1410): Workerman\Worker::forkOneWorkerForLinux(Object(Workerman\Worker))
#8 /var/www/skarner2016/php-test/webman/vendor/workerman/workerman/Worker.php(1384): Workerman\Worker::forkWorkersForLinux()
#9 /var/www/skarner2016/php-test/webman/vendor/workerman/workerman/Worker.php(1714): Workerman\Worker::forkWorkers()
#10 /var/www/skarner2016/php-test/webman/vendor/workerman/workerman/Worker.php(1654): Workerman\Worker::monitorWorkersForLinux()
#11 /var/www/skarner2016/php-test/webman/vendor/workerman/workerman/Worker.php(561): Workerman\Worker::monitorWorkers()
#12 /var/www/skarner2016/php-test/webman/vendor/workerman/webman-framework/src/support/App.php(124): Workerman\Worker::runAll()
#13 /var/www/skarner2016/php-test/webman/start.php(4): support\App::run()
#14 {main} [] []
[2022-09-28 19:45:40] default.ERROR: 127.0.0.1 GET localhost:8787/single-query
Error: Class "Illuminate\Database\Eloquent\Model" not found in /var/www/skarner2016/php-test/webman/vendor/workerman/webman-framework/src/support/Model.php:249
Stack trace:
#0 /var/www/skarner2016/php-test/webman/vendor/composer/ClassLoader.php(571): include()
#1 /var/www/skarner2016/php-test/webman/vendor/composer/ClassLoader.php(428): Composer\Autoload\includeFile('/var/www/skarne...')
#2 /var/www/skarner2016/php-test/webman/app/model/User.php(10): Composer\Autoload\ClassLoader->loadClass('support\\Model')
#3 /var/www/skarner2016/php-test/webman/vendor/composer/ClassLoader.php(571): include('/var/www/skarne...')
#4 /var/www/skarner2016/php-test/webman/vendor/composer/ClassLoader.php(428): Composer\Autoload\includeFile('/var/www/skarne...')
#5 /var/www/skarner2016/php-test/webman/app/controller/IndexController.php(22): Composer\Autoload\ClassLoader->loadClass('app\\model\\User')
#6 /var/www/skarner2016/php-test/webman/vendor/workerman/webman-framework/src/App.php(284): app\controller\IndexController->singleQuery(Object(support\Request))
#7 /var/www/skarner2016/php-test/webman/vendor/workerman/webman-framework/src/App.php(515): Webman\App::Webman\{closure}(Object(support\Request))
#8 /var/www/skarner2016/php-test/webman/vendor/workerman/webman-framework/src/App.php(128): Webman\App::findRoute(Object(Workerman\Connection\TcpConnection), '/single-query', 'GET/single-quer...', Object(support\Request))
#9 /var/www/skarner2016/php-test/webman/vendor/workerman/workerman/Connection/TcpConnection.php(638): Webman\App->onMessage(Object(Workerman\Connection\TcpConnection), Object(support\Request))
#10 /var/www/skarner2016/php-test/webman/vendor/workerman/workerman/Events/Select.php(311): Workerman\Connection\TcpConnection->baseRead(Resource id #143)
#11 /var/www/skarner2016/php-test/webman/vendor/workerman/workerman/Worker.php(2457): Workerman\Events\Select->loop()
#12 /var/www/skarner2016/php-test/webman/vendor/workerman/workerman/Worker.php(1568): Workerman\Worker->run()
#13 /var/www/skarner2016/php-test/webman/vendor/workerman/workerman/Worker.php(1410): Workerman\Worker::forkOneWorkerForLinux(Object(Workerman\Worker))
#14 /var/www/skarner2016/php-test/webman/vendor/workerman/workerman/Worker.php(1384): Workerman\Worker::forkWorkersForLinux()
#15 /var/www/skarner2016/php-test/webman/vendor/workerman/workerman/Worker.php(1714): Workerman\Worker::forkWorkers()
#16 /var/www/skarner2016/php-test/webman/vendor/workerman/workerman/Worker.php(1654): Workerman\Worker::monitorWorkersForLinux()
#17 /var/www/skarner2016/php-test/webman/vendor/workerman/workerman/Worker.php(561): Workerman\Worker::monitorWorkers()
#18 /var/www/skarner2016/php-test/webman/vendor/workerman/webman-framework/src/support/App.php(124): Workerman\Worker::runAll()
#19 /var/www/skarner2016/php-test/webman/start.php(4): support\App::run()
#20 {main} [] []
[2022-09-28 19:49:15] default.ERROR: 127.0.0.1 GET localhost:8787/single-query
Error: Class "Illuminate\Database\Eloquent\Model" not found in /var/www/skarner2016/php-test/webman/vendor/workerman/webman-framework/src/support/Model.php:249
Stack trace:
#0 /var/www/skarner2016/php-test/webman/vendor/composer/ClassLoader.php(571): include()
#1 /var/www/skarner2016/php-test/webman/vendor/composer/ClassLoader.php(428): Composer\Autoload\includeFile('/var/www/skarne...')
#2 /var/www/skarner2016/php-test/webman/app/model/User.php(10): Composer\Autoload\ClassLoader->loadClass('support\\Model')
#3 /var/www/skarner2016/php-test/webman/vendor/composer/ClassLoader.php(571): include('/var/www/skarne...')
#4 /var/www/skarner2016/php-test/webman/vendor/composer/ClassLoader.php(428): Composer\Autoload\includeFile('/var/www/skarne...')
#5 /var/www/skarner2016/php-test/webman/app/controller/IndexController.php(22): Composer\Autoload\ClassLoader->loadClass('app\\model\\User')
#6 /var/www/skarner2016/php-test/webman/vendor/workerman/webman-framework/src/App.php(284): app\controller\IndexController->singleQuery(Object(support\Request))
#7 /var/www/skarner2016/php-test/webman/vendor/workerman/webman-framework/src/App.php(515): Webman\App::Webman\{closure}(Object(support\Request))
#8 /var/www/skarner2016/php-test/webman/vendor/workerman/webman-framework/src/App.php(128): Webman\App::findRoute(Object(Workerman\Connection\TcpConnection), '/single-query', 'GET/single-quer...', Object(support\Request))
#9 /var/www/skarner2016/php-test/webman/vendor/workerman/workerman/Connection/TcpConnection.php(638): Webman\App->onMessage(Object(Workerman\Connection\TcpConnection), Object(support\Request))
#10 /var/www/skarner2016/php-test/webman/vendor/workerman/workerman/Events/Select.php(311): Workerman\Connection\TcpConnection->baseRead(Resource id #153)
#11 /var/www/skarner2016/php-test/webman/vendor/workerman/workerman/Worker.php(2457): Workerman\Events\Select->loop()
#12 /var/www/skarner2016/php-test/webman/vendor/workerman/workerman/Worker.php(1568): Workerman\Worker->run()
#13 /var/www/skarner2016/php-test/webman/vendor/workerman/workerman/Worker.php(1410): Workerman\Worker::forkOneWorkerForLinux(Object(Workerman\Worker))
#14 /var/www/skarner2016/php-test/webman/vendor/workerman/workerman/Worker.php(1384): Workerman\Worker::forkWorkersForLinux()
#15 /var/www/skarner2016/php-test/webman/vendor/workerman/workerman/Worker.php(1714): Workerman\Worker::forkWorkers()
#16 /var/www/skarner2016/php-test/webman/vendor/workerman/workerman/Worker.php(1654): Workerman\Worker::monitorWorkersForLinux()
#17 /var/www/skarner2016/php-test/webman/vendor/workerman/workerman/Worker.php(561): Workerman\Worker::monitorWorkers()
#18 /var/www/skarner2016/php-test/webman/vendor/workerman/webman-framework/src/support/App.php(124): Workerman\Worker::runAll()
#19 /var/www/skarner2016/php-test/webman/start.php(4): support\App::run()
#20 {main} [] []
[2022-09-28 19:51:07] default.ERROR: 127.0.0.1 GET localhost:8787/single-query
Error: Class "Illuminate\Database\Eloquent\Model" not found in /var/www/skarner2016/php-test/webman/vendor/workerman/webman-framework/src/support/Model.php:249
Stack trace:
#0 /var/www/skarner2016/php-test/webman/vendor/composer/ClassLoader.php(571): include()
#1 /var/www/skarner2016/php-test/webman/vendor/composer/ClassLoader.php(428): Composer\Autoload\includeFile('/var/www/skarne...')
#2 /var/www/skarner2016/php-test/webman/app/model/User.php(10): Composer\Autoload\ClassLoader->loadClass('support\\Model')
#3 /var/www/skarner2016/php-test/webman/vendor/composer/ClassLoader.php(571): include('/var/www/skarne...')
#4 /var/www/skarner2016/php-test/webman/vendor/composer/ClassLoader.php(428): Composer\Autoload\includeFile('/var/www/skarne...')
#5 /var/www/skarner2016/php-test/webman/app/controller/IndexController.php(22): Composer\Autoload\ClassLoader->loadClass('app\\model\\User')
#6 /var/www/skarner2016/php-test/webman/vendor/workerman/webman-framework/src/App.php(284): app\controller\IndexController->singleQuery(Object(support\Request))
#7 /var/www/skarner2016/php-test/webman/vendor/workerman/webman-framework/src/App.php(515): Webman\App::Webman\{closure}(Object(support\Request))
#8 /var/www/skarner2016/php-test/webman/vendor/workerman/webman-framework/src/App.php(128): Webman\App::findRoute(Object(Workerman\Connection\TcpConnection), '/single-query', 'GET/single-quer...', Object(support\Request))
#9 /var/www/skarner2016/php-test/webman/vendor/workerman/workerman/Connection/TcpConnection.php(638): Webman\App->onMessage(Object(Workerman\Connection\TcpConnection), Object(support\Request))
#10 /var/www/skarner2016/php-test/webman/vendor/workerman/workerman/Events/Select.php(311): Workerman\Connection\TcpConnection->baseRead(Resource id #153)
#11 /var/www/skarner2016/php-test/webman/vendor/workerman/workerman/Worker.php(2457): Workerman\Events\Select->loop()
#12 /var/www/skarner2016/php-test/webman/vendor/workerman/workerman/Worker.php(1568): Workerman\Worker->run()
#13 /var/www/skarner2016/php-test/webman/vendor/workerman/workerman/Worker.php(1410): Workerman\Worker::forkOneWorkerForLinux(Object(Workerman\Worker))
#14 /var/www/skarner2016/php-test/webman/vendor/workerman/workerman/Worker.php(1384): Workerman\Worker::forkWorkersForLinux()
#15 /var/www/skarner2016/php-test/webman/vendor/workerman/workerman/Worker.php(1714): Workerman\Worker::forkWorkers()
#16 /var/www/skarner2016/php-test/webman/vendor/workerman/workerman/Worker.php(1654): Workerman\Worker::monitorWorkersForLinux()
#17 /var/www/skarner2016/php-test/webman/vendor/workerman/workerman/Worker.php(561): Workerman\Worker::monitorWorkers()
#18 /var/www/skarner2016/php-test/webman/vendor/workerman/webman-framework/src/support/App.php(124): Workerman\Worker::runAll()
#19 /var/www/skarner2016/php-test/webman/start.php(4): support\App::run()
#20 {main} [] []
