2022-09-28 19:35:58 pid:2301 Workerman[start.php] start in DEBUG mode
2022-09-28 19:36:46 pid:2301 Workerman[start.php] reloading
2022-09-28 19:38:25 pid:2301 Workerman[start.php] reloading
2022-09-28 19:39:39 pid:2301 Workerman[start.php] stopping ...
2022-09-28 19:39:39 pid:2301 worker[webman:2503] exit with status 11
2022-09-28 19:39:39 pid:2301 worker[webman:2505] exit with status 11
2022-09-28 19:39:39 pid:2301 worker[webman:2504] exit with status 11
2022-09-28 19:39:39 pid:2301 worker[webman:2510] exit with status 11
2022-09-28 19:39:39 pid:2301 worker[webman:2511] exit with status 11
2022-09-28 19:39:39 pid:2301 worker[webman:2506] exit with status 11
2022-09-28 19:39:39 pid:2301 Workerman[start.php] has been stopped
2022-09-28 19:43:29 pid:3030 Workerman[start.php] start in DEBUG mode
2022-09-28 19:44:14 pid:3030 Workerman[start.php] reloading
2022-09-28 19:44:17 pid:3030 Workerman[start.php] reloading
2022-09-28 19:44:59 pid:3030 Workerman[start.php] reloading
2022-09-28 19:45:12 pid:3030 Workerman[start.php] reloading
2022-09-28 19:45:27 pid:3030 Workerman[start.php] reloading
2022-09-28 19:45:32 pid:3030 Workerman[start.php] reloading
2022-09-28 19:46:49 pid:3030 Workerman[start.php] reloading
2022-09-28 19:48:12 pid:3030 Workerman[start.php] reloading
2022-09-28 19:48:17 pid:3030 Workerman[start.php] reloading
2022-09-28 19:48:22 pid:3030 Workerman[start.php] reloading
2022-09-28 19:48:25 pid:3030 Workerman[start.php] reloading
2022-09-28 19:48:27 pid:3030 Workerman[start.php] reloading
2022-09-28 19:48:29 pid:3030 Workerman[start.php] reloading
2022-09-28 19:48:36 pid:3030 Workerman[start.php] reloading
2022-09-28 19:48:43 pid:3030 Workerman[start.php] reloading
2022-09-28 19:49:06 pid:3030 Workerman[start.php] reloading
2022-09-28 19:51:11 pid:3030 Workerman[start.php] stopping ...
2022-09-28 19:51:11 pid:3030 worker[webman:3575] exit with status 11
2022-09-28 19:51:11 pid:3030 worker[webman:3576] exit with status 11
2022-09-28 19:51:11 pid:3030 worker[webman:3584] exit with status 11
2022-09-28 19:51:11 pid:3030 Workerman[start.php] has been stopped
2022-09-28 19:51:25 pid:3861 Workerman[start.php] start in DEBUG mode
2022-09-28 19:57:17 pid:3861 Workerman[start.php] stopping ...
2022-09-28 19:57:17 pid:3861 worker[webman:3865] exit with status 11
2022-09-28 19:57:17 pid:3861 worker[webman:3866] exit with status 11
2022-09-28 19:57:17 pid:3861 worker[webman:3867] exit with status 11
2022-09-28 19:57:17 pid:3861 worker[webman:3868] exit with status 11
2022-09-28 19:57:17 pid:3861 worker[webman:3869] exit with status 11
2022-09-28 19:57:17 pid:3861 worker[webman:3871] exit with status 11
2022-09-28 19:57:17 pid:3861 worker[webman:3864] exit with status 11
2022-09-28 19:57:17 pid:3861 Workerman[start.php] has been stopped
2022-09-29 11:26:01 pid:5275 Workerman[start.php] start in DEBUG mode
2022-09-29 11:26:55 pid:5275 Workerman[start.php] stopping ...
2022-09-29 11:26:55 pid:5275 worker[webman:5283] exit with status 11
2022-09-29 11:26:55 pid:5275 worker[webman:5278] exit with status 11
2022-09-29 11:26:55 pid:5275 worker[monitor:5286] exit with status 11
2022-09-29 11:26:55 pid:5275 worker[webman:5279] exit with status 11
2022-09-29 11:26:55 pid:5275 Workerman[start.php] has been stopped
2022-09-29 14:36:27 pid:733 Workerman[start.php] start in DEBUG mode
2022-09-29 14:36:33 pid:733 Workerman[start.php] stopping ...
2022-09-29 14:36:33 pid:733 worker[webman:736] exit with status 11
2022-09-29 14:36:33 pid:733 worker[webman:737] exit with status 11
2022-09-29 14:36:33 pid:733 worker[webman:738] exit with status 11
2022-09-29 14:36:33 pid:733 worker[webman:739] exit with status 11
2022-09-29 14:36:33 pid:733 worker[webman:740] exit with status 11
2022-09-29 14:36:33 pid:733 worker[webman:741] exit with status 11
2022-09-29 14:36:33 pid:733 worker[webman:742] exit with status 11
2022-09-29 14:36:33 pid:733 worker[webman:743] exit with status 11
2022-09-29 14:36:33 pid:733 worker[monitor:744] exit with status 11
2022-09-29 14:36:33 pid:733 Workerman[start.php] has been stopped
2022-09-29 14:36:44 pid:804 Workerman[start.php] start in DEBUG mode
2022-09-29 14:37:20 pid:804 Workerman[start.php] stopping ...
2022-09-29 14:37:20 pid:804 worker[webman:811] exit with status 11
2022-09-29 14:37:20 pid:804 worker[webman:809] exit with status 11
2022-09-29 14:37:20 pid:804 worker[webman:813] exit with status 11
2022-09-29 14:37:20 pid:804 worker[webman:814] exit with status 11
2022-09-29 14:37:20 pid:804 Workerman[start.php] has been stopped
2022-09-29 14:40:27 pid:1 Workerman[/var/www/skarner2016/php-test/webman/start.php] start in DEBUG mode
2022-09-29 14:41:51 pid:1 Workerman[start.php] stopping ...
2022-09-29 14:41:51 pid:1 Workerman[start.php] has been stopped
2022-09-29 14:41:52 pid:1 Workerman[/var/www/skarner2016/php-test/webman/start.php] start in DEBUG mode
2022-09-29 14:42:20 pid:1 Workerman[start.php] stopping ...
2022-09-29 14:42:20 pid:1 Workerman[start.php] has been stopped
2022-09-29 14:42:21 pid:1 Workerman[/var/www/skarner2016/php-test/webman/start.php] start in DEBUG mode
2022-09-29 14:42:48 pid:715 Workerman[/var/www/skarner2016/php-test/webman/start.php] start in DEBUG mode
2022-09-29 14:42:48 pid:715 Workerman[/var/www/skarner2016/php-test/webman/start.php] already running
2022-09-29 14:43:33 pid:1 Workerman[start.php] stopping ...
2022-09-29 14:43:33 pid:1 Workerman[start.php] has been stopped
2022-09-29 14:44:59 pid:795 Workerman[/var/www/skarner2016/php-test/webman/start.php] start in DEBUG mode
2022-09-29 14:45:15 pid:795 Workerman[start.php] stopping ...
2022-09-29 14:45:15 pid:795 worker[webman:798] exit with status 11
2022-09-29 14:45:15 pid:795 Workerman[start.php] has been stopped
2022-09-29 14:45:36 pid:887 Workerman[start.php] start in DEBUG mode
2022-09-29 14:45:43 pid:887 Workerman[start.php] stopping ...
2022-09-29 14:45:43 pid:887 worker[webman:892] exit with status 11
2022-09-29 14:45:43 pid:887 worker[webman:890] exit with status 11
2022-09-29 14:45:43 pid:887 worker[webman:893] exit with status 11
2022-09-29 14:45:43 pid:887 worker[webman:894] exit with status 11
2022-09-29 14:45:43 pid:887 worker[webman:895] exit with status 11
2022-09-29 14:45:43 pid:887 worker[webman:897] exit with status 11
2022-09-29 14:45:43 pid:887 worker[webman:891] exit with status 11
2022-09-29 14:45:43 pid:887 Workerman[start.php] has been stopped
2022-09-29 14:45:50 pid:947 Workerman[start.php] start in DEBUG mode
2022-09-29 14:46:27 pid:947 Workerman[start.php] stopping ...
2022-09-29 14:46:27 pid:947 worker[webman:953] exit with status 11
2022-09-29 14:46:27 pid:947 worker[webman:955] exit with status 11
2022-09-29 14:46:27 pid:947 Workerman[start.php] has been stopped
2022-09-29 14:46:56 pid:1 Workerman[/var/www/skarner2016/php-test/webman/start.php] start in DAEMON mode
2022-09-29 14:49:08 pid:741 Workerman[/var/www/skarner2016/php-test/webman/start.php] start in DEBUG mode
2022-09-29 14:49:22 pid:741 Workerman[start.php] stopping ...
2022-09-29 14:49:22 pid:741 worker[webman:744] exit with status 11
2022-09-29 14:49:22 pid:741 worker[webman:746] exit with status 11
2022-09-29 14:49:22 pid:741 worker[webman:747] exit with status 11
2022-09-29 14:49:22 pid:741 worker[webman:748] exit with status 11
2022-09-29 14:49:22 pid:741 Workerman[start.php] has been stopped
2022-09-29 14:49:35 pid:777 Workerman[/var/www/skarner2016/php-test/webman/start.php] start in DAEMON mode
2022-09-29 14:55:44 pid:1 Workerman[/var/www/skarner2016/php-test/webman/start.php] start in DAEMON mode
2022-09-29 14:59:41 pid:1 Workerman[/var/www/skarner2016/php-test/webman/start.php] start in DAEMON mode
2022-09-29 15:07:13 pid:10 Workerman[/var/www/skarner2016/php-test/webman/start.php] start in DEBUG mode
2022-09-29 15:08:06 pid:1 Workerman[/var/www/skarner2016/php-test/webman/start.php] start in DEBUG mode
2022-09-29 15:10:17 pid:1 Workerman[start.php] stopping ...
2022-09-29 15:10:17 pid:1 Workerman[start.php] has been stopped
2022-09-29 15:10:36 pid:1 Workerman[/var/www/skarner2016/php-test/webman/start.php] start in DEBUG mode
2022-09-29 15:37:22 pid:1 Workerman[start.php] stopping ...
2022-09-29 15:37:22 pid:1 Workerman[start.php] has been stopped
